# JRE version: OpenJDK Runtime Environment (17.0.11+9) (build 17.0.11+9-Ubuntu-122.04.1)
# Java VM: OpenJDK 64-Bit Server VM (17.0.11+9-Ubuntu-122.04.1, mixed mode, sharing, tiered, compressed oops, compressed class ptrs, g1 gc, linux-amd64)
GC Precious Log:
 CPUs: 4 total, 4 available
 Memory: 15780M
 Large Page Support: Disabled
 NUMA Support: Disabled
 Compressed Oops: Enabled (32-bit)
 Heap Region Size: 1M
 Heap Min Capacity: 8M
 Heap Initial Capacity: 248M
 Heap Max Capacity: 2G
 Pre-touch: Disabled
 Parallel Workers: 4
 Concurrent Workers: 1
 Concurrent Refinement Workers: 4
 Periodic GC: Disabled
Heap:
 garbage-first heap   total 141312K, used 84556K [0x0000000080000000, 0x0000000100000000)
  region size 1024K, 19 young (19456K), 3 survivors (3072K)
 Metaspace       used 64455K, committed 65152K, reserved 491520K
  class space    used 9160K, committed 9472K, reserved 425984K
GC Heap History (20 events):
Event: 64.160 GC heap before
{Heap before GC invocations=13 (full 0):
 garbage-first heap   total 92160K, used 54420K [0x0000000080000000, 0x0000000100000000)
  region size 1024K, 18 young (18432K), 5 survivors (5120K)
 Metaspace       used 46659K, committed 47232K, reserved 491520K
  class space    used 6731K, committed 6976K, reserved 425984K
}
Event: 64.171 GC heap after
{Heap after GC invocations=14 (full 0):
 garbage-first heap   total 92160K, used 44643K [0x0000000080000000, 0x0000000100000000)
  region size 1024K, 2 young (2048K), 2 survivors (2048K)
 Metaspace       used 46659K, committed 47232K, reserved 491520K
  class space    used 6731K, committed 6976K, reserved 425984K
}
Event: 65.522 GC heap before
{Heap before GC invocations=15 (full 0):
 garbage-first heap   total 92160K, used 64099K [0x0000000080000000, 0x0000000100000000)
  region size 1024K, 21 young (21504K), 2 survivors (2048K)
 Metaspace       used 48128K, committed 48768K, reserved 491520K
  class space    used 6847K, committed 7168K, reserved 425984K
}
Event: 65.528 GC heap after
{Heap after GC invocations=16 (full 0):
 garbage-first heap   total 92160K, used 45887K [0x0000000080000000, 0x0000000100000000)
  region size 1024K, 3 young (3072K), 3 survivors (3072K)
 Metaspace       used 48128K, committed 48768K, reserved 491520K
  class space    used 6847K, committed 7168K, reserved 425984K
}
Event: 67.104 GC heap before
{Heap before GC invocations=17 (full 0):
 garbage-first heap   total 92160K, used 70463K [0x0000000080000000, 0x0000000100000000)
  region size 1024K, 24 young (24576K), 3 survivors (3072K)
 Metaspace       used 51024K, committed 51648K, reserved 491520K
  class space    used 7253K, committed 7552K, reserved 425984K
}
Event: 67.114 GC heap after
{Heap after GC invocations=18 (full 0):
 garbage-first heap   total 92160K, used 51911K [0x0000000080000000, 0x0000000100000000)
  region size 1024K, 2 young (2048K), 2 survivors (2048K)
 Metaspace       used 51024K, committed 51648K, reserved 491520K
  class space    used 7253K, committed 7552K, reserved 425984K
}
Event: 68.683 GC heap before
{Heap before GC invocations=19 (full 0):
 garbage-first heap   total 106496K, used 81607K [0x0000000080000000, 0x0000000100000000)
  region size 1024K, 23 young (23552K), 2 survivors (2048K)
 Metaspace       used 52887K, committed 53568K, reserved 491520K
  class space    used 7519K, committed 7872K, reserved 425984K
}
Event: 68.690 GC heap after
{Heap after GC invocations=20 (full 0):
 garbage-first heap   total 106496K, used 61676K [0x0000000080000000, 0x0000000100000000)
  region size 1024K, 2 young (2048K), 2 survivors (2048K)
 Metaspace       used 52887K, committed 53568K, reserved 491520K
  class space    used 7519K, committed 7872K, reserved 425984K
}
Event: 69.135 GC heap before
{Heap before GC invocations=20 (full 0):
 garbage-first heap   total 106496K, used 84204K [0x0000000080000000, 0x0000000100000000)
  region size 1024K, 24 young (24576K), 2 survivors (2048K)
 Metaspace       used 55547K, committed 56192K, reserved 491520K
  class space    used 7863K, committed 8192K, reserved 425984K
}
Event: 69.147 GC heap after
{Heap after GC invocations=21 (full 0):
 garbage-first heap   total 106496K, used 62445K [0x0000000080000000, 0x0000000100000000)
  region size 1024K, 3 young (3072K), 3 survivors (3072K)
 Metaspace       used 55547K, committed 56192K, reserved 491520K
  class space    used 7863K, committed 8192K, reserved 425984K
}
Event: 70.230 GC heap before
{Heap before GC invocations=22 (full 0):
 garbage-first heap   total 116736K, used 82925K [0x0000000080000000, 0x0000000100000000)
  region size 1024K, 24 young (24576K), 3 survivors (3072K)
 Metaspace       used 57613K, committed 58240K, reserved 491520K
  class space    used 8189K, committed 8512K, reserved 425984K
}
Event: 70.238 GC heap after
{Heap after GC invocations=23 (full 0):
 garbage-first heap   total 116736K, used 63956K [0x0000000080000000, 0x0000000100000000)
  region size 1024K, 3 young (3072K), 3 survivors (3072K)
 Metaspace       used 57613K, committed 58240K, reserved 491520K
  class space    used 8189K, committed 8512K, reserved 425984K
}
Event: 71.642 GC heap before
{Heap before GC invocations=23 (full 0):
 garbage-first heap   total 116736K, used 91604K [0x0000000080000000, 0x0000000100000000)
  region size 1024K, 30 young (30720K), 3 survivors (3072K)
 Metaspace       used 59940K, committed 60544K, reserved 491520K
  class space    used 8544K, committed 8832K, reserved 425984K
}
Event: 71.647 GC heap after
{Heap after GC invocations=24 (full 0):
 garbage-first heap   total 116736K, used 65002K [0x0000000080000000, 0x0000000100000000)
  region size 1024K, 3 young (3072K), 3 survivors (3072K)
 Metaspace       used 59940K, committed 60544K, reserved 491520K
  class space    used 8544K, committed 8832K, reserved 425984K
}
Event: 72.942 GC heap before
{Heap before GC invocations=25 (full 0):
 garbage-first heap   total 117760K, used 92650K [0x0000000080000000, 0x0000000100000000)
  region size 1024K, 30 young (30720K), 3 survivors (3072K)
 Metaspace       used 61868K, committed 62528K, reserved 491520K
  class space    used 8816K, committed 9152K, reserved 425984K
}
Event: 72.953 GC heap after
{Heap after GC invocations=26 (full 0):
 garbage-first heap   total 117760K, used 66883K [0x0000000080000000, 0x0000000100000000)
  region size 1024K, 3 young (3072K), 3 survivors (3072K)
 Metaspace       used 61868K, committed 62528K, reserved 491520K
  class space    used 8816K, committed 9152K, reserved 425984K
}
Event: 73.004 GC heap before
{Heap before GC invocations=26 (full 0):
 garbage-first heap   total 117760K, used 67907K [0x0000000080000000, 0x0000000100000000)
  region size 1024K, 5 young (5120K), 3 survivors (3072K)
 Metaspace       used 61882K, committed 62592K, reserved 491520K
  class space    used 8816K, committed 9152K, reserved 425984K
}
Event: 73.011 GC heap after
{Heap after GC invocations=27 (full 0):
 garbage-first heap   total 117760K, used 67724K [0x0000000080000000, 0x0000000100000000)
  region size 1024K, 1 young (1024K), 1 survivors (1024K)
 Metaspace       used 61882K, committed 62592K, reserved 491520K
  class space    used 8816K, committed 9152K, reserved 425984K
}
Event: 74.700 GC heap before
{Heap before GC invocations=27 (full 0):
 garbage-first heap   total 117760K, used 94348K [0x0000000080000000, 0x0000000100000000)
  region size 1024K, 28 young (28672K), 1 survivors (1024K)
 Metaspace       used 63802K, committed 64448K, reserved 491520K
  class space    used 9084K, committed 9408K, reserved 425984K
}
Event: 74.716 GC heap after
{Heap after GC invocations=28 (full 0):
 garbage-first heap   total 141312K, used 69196K [0x0000000080000000, 0x0000000100000000)
  region size 1024K, 3 young (3072K), 3 survivors (3072K)
 Metaspace       used 63802K, committed 64448K, reserved 491520K
  class space    used 9084K, committed 9408K, reserved 425984K
}

